#
# There is insufficient memory for the Java Runtime Environment to continue.
# Native memory allocation (malloc) failed to allocate 193104 bytes for Chunk::new
# Possible reasons:
#   The system is out of physical RAM or swap space
#   In 32 bit mode, the process size limit was hit
# Possible solutions:
#   Reduce memory load on the system
#   Increase physical memory or swap space
#   Check if swap backing store is full
#   Use 64 bit Java on a 64 bit OS
#   Decrease Java heap size (-Xmx/-Xms)
#   Decrease number of Java threads
#   Decrease Java thread stack sizes (-Xss)
#   Set larger code cache with -XX:ReservedCodeCacheSize=
# This output file may be truncated or incomplete.
#
#  Out of Memory Error (allocation.cpp:390), pid=16188, tid=0x0000000000004284
#
# JRE version: Java(TM) SE Runtime Environment (8.0_161-b12) (build 1.8.0_161-b12)
# Java VM: Java HotSpot(TM) 64-Bit Server VM (25.161-b12 mixed mode windows-amd64 compressed oops)
# Failed to write core dump. Minidumps are not enabled by default on client versions of Windows
#

---------------  T H R E A D  ---------------

Current thread (0x0000000017337000):  JavaThread "C2 CompilerThread1" daemon [_thread_in_native, id=17028, stack(0x0000000018ac0000,0x0000000018bc0000)]

Stack: [0x0000000018ac0000,0x0000000018bc0000]
[error occurred during error reporting (printing stack bounds), id 0xc0000005]

Native frames: (J=compiled Java code, j=interpreted, Vv=VM code, C=native code)


Current CompileTask:
C2:  24833 1629   !   4       com.sun.imageio.plugins.jpeg.JPEGImageWriter::grabPixels (316 bytes)


---------------  P R O C E S S  ---------------

Java Threads: ( => current thread )
  0x0000000018d9c800 JavaThread "ForkJoinPool-1-worker-0" daemon [_thread_blocked, id=17052, stack(0x000000001dbb0000,0x000000001dcb0000)]
  0x0000000019ea9800 JavaThread "ForkJoinPool-1-worker-3" daemon [_thread_blocked, id=16436, stack(0x000000001dab0000,0x000000001dbb0000)]
  0x0000000019ea8800 JavaThread "ForkJoinPool-1-worker-2" daemon [_thread_blocked, id=9048, stack(0x000000001d9b0000,0x000000001dab0000)]
  0x0000000019ea8000 JavaThread "ForkJoinPool-1-worker-1" daemon [_thread_in_native, id=13316, stack(0x000000001d8b0000,0x000000001d9b0000)]
  0x00000000199ec800 JavaThread "TimerQueue" daemon [_thread_blocked, id=13340, stack(0x000000001c1e0000,0x000000001c2e0000)]
  0x0000000002702800 JavaThread "DestroyJavaVM" [_thread_blocked, id=16264, stack(0x00000000025f0000,0x00000000026f0000)]
  0x0000000019994800 JavaThread "Swing-Shell" daemon [_thread_blocked, id=17376, stack(0x000000001b5c0000,0x000000001b6c0000)]
  0x00000000198d4000 JavaThread "AWT-EventQueue-0" [_thread_blocked, id=16228, stack(0x000000001a480000,0x000000001a580000)]
  0x00000000190ae000 JavaThread "AWT-Windows" daemon [_thread_in_native, id=2312, stack(0x00000000196b0000,0x00000000197b0000)]
  0x00000000190ab800 JavaThread "AWT-Shutdown" [_thread_blocked, id=11080, stack(0x00000000195b0000,0x00000000196b0000)]
  0x0000000019051800 JavaThread "Java2D Disposer" daemon [_thread_blocked, id=3616, stack(0x00000000194b0000,0x00000000195b0000)]
  0x0000000018cf0800 JavaThread "Service Thread" daemon [_thread_blocked, id=9060, stack(0x00000000190c0000,0x00000000191c0000)]
  0x000000001733e000 JavaThread "C1 CompilerThread2" daemon [_thread_blocked, id=10404, stack(0x0000000018bc0000,0x0000000018cc0000)]
=>0x0000000017337000 JavaThread "C2 CompilerThread1" daemon [_thread_in_native, id=17028, stack(0x0000000018ac0000,0x0000000018bc0000)]
  0x000000001732d800 JavaThread "C2 CompilerThread0" daemon [_thread_blocked, id=14292, stack(0x00000000189c0000,0x0000000018ac0000)]
  0x000000001732c000 JavaThread "Attach Listener" daemon [_thread_blocked, id=15188, stack(0x00000000188c0000,0x00000000189c0000)]
  0x000000001732a800 JavaThread "Signal Dispatcher" daemon [_thread_blocked, id=3848, stack(0x00000000187c0000,0x00000000188c0000)]
  0x00000000027fd000 JavaThread "Finalizer" daemon [_thread_blocked, id=17404, stack(0x00000000185a0000,0x00000000186a0000)]
  0x00000000027f2000 JavaThread "Reference Handler" daemon [_thread_blocked, id=14128, stack(0x00000000184a0000,0x00000000185a0000)]

Other Threads:
  0x00000000172f7000 VMThread [stack: 0x00000000183a0000,0x00000000184a0000] [id=232]
  0x000000001738c800 WatcherThread [stack: 0x0000000019320000,0x0000000019420000] [id=6196]

VM state:not at safepoint (normal execution)

VM Mutex/Monitor currently owned by a thread: None

Heap:
 PSYoungGen      total 55808K, used 49446K [0x00000000d5f00000, 0x00000000d9900000, 0x0000000100000000)
  eden space 52224K, 94% used [0x00000000d5f00000,0x00000000d8f21b98,0x00000000d9200000)
  from space 3584K, 4% used [0x00000000d9580000,0x00000000d95a8000,0x00000000d9900000)
  to   space 3584K, 0% used [0x00000000d9200000,0x00000000d9200000,0x00000000d9580000)
 ParOldGen       total 322560K, used 304563K [0x0000000081c00000, 0x0000000095700000, 0x00000000d5f00000)
  object space 322560K, 94% used [0x0000000081c00000,0x000000009456cfd0,0x0000000095700000)
 Metaspace       used 13977K, capacity 14234K, committed 14592K, reserved 1062912K
  class space    used 1839K, capacity 1939K, committed 2048K, reserved 1048576K

Card table byte_map: [0x0000000011bc0000,0x0000000011fc0000] byte_map_base: 0x00000000117b2000

Marking Bits: (ParMarkBitMap*) 0x0000000056b2f860
 Begin Bits: [0x0000000012670000, 0x0000000014600000)
 End Bits:   [0x0000000014600000, 0x0000000016590000)

Polling page: 0x0000000000840000

CodeCache: size=245760Kb used=5379Kb max_used=5390Kb free=240381Kb
 bounds [0x0000000002800000, 0x0000000002d50000, 0x0000000011800000]
 total_blobs=2103 nmethods=1602 adapters=412
 compilation: enabled

Compilation events (10 events):
Event: 24.271 Thread 0x000000001733e000 nmethod 1623 0x0000000002d368d0 code [0x0000000002d36b00, 0x0000000002d37678]
Event: 24.277 Thread 0x000000001733e000 1624       3       java.awt.image.WritableRaster::setRect (398 bytes)
Event: 24.278 Thread 0x000000001733e000 nmethod 1624 0x0000000002d44ed0 code [0x0000000002d45100, 0x0000000002d46558]
Event: 24.278 Thread 0x000000001733e000 1625       3       java.awt.image.Raster::getPixels (29 bytes)
Event: 24.278 Thread 0x000000001733e000 nmethod 1625 0x0000000002900610 code [0x0000000002900780, 0x00000000029009c8]
Event: 24.334 Thread 0x0000000017337000 1626       4       java.awt.image.SinglePixelPackedSampleModel::<init> (277 bytes)
Event: 24.341 Thread 0x0000000017337000 nmethod 1626 0x00000000029ac9d0 code [0x00000000029acb40, 0x00000000029ad2b8]
Event: 24.722 Thread 0x000000001732d800 1628       4       java.awt.image.Raster::<init> (220 bytes)
Event: 24.726 Thread 0x000000001732d800 nmethod 1628 0x0000000002921e10 code [0x0000000002921f60, 0x00000000029221b8]
Event: 24.730 Thread 0x0000000017337000 1629   !   4       com.sun.imageio.plugins.jpeg.JPEGImageWriter::grabPixels (316 bytes)

GC Heap History (10 events):
Event: 23.861 GC heap before
{Heap before GC invocations=24 (full 2):
 PSYoungGen      total 50688K, used 45056K [0x00000000d5f00000, 0x00000000d9600000, 0x0000000100000000)
  eden space 45056K, 100% used [0x00000000d5f00000,0x00000000d8b00000,0x00000000d8b00000)
  from space 5632K, 0% used [0x00000000d8b00000,0x00000000d8b00000,0x00000000d9080000)
  to   space 5120K, 0% used [0x00000000d9100000,0x00000000d9100000,0x00000000d9600000)
 ParOldGen       total 322560K, used 304547K [0x0000000081c00000, 0x0000000095700000, 0x00000000d5f00000)
  object space 322560K, 94% used [0x0000000081c00000,0x0000000094568fd0,0x0000000095700000)
 Metaspace       used 13955K, capacity 14234K, committed 14592K, reserved 1062912K
  class space    used 1838K, capacity 1939K, committed 2048K, reserved 1048576K
Event: 23.863 GC heap after
Heap after GC invocations=24 (full 2):
 PSYoungGen      total 50176K, used 0K [0x00000000d5f00000, 0x00000000d9600000, 0x0000000100000000)
  eden space 45056K, 0% used [0x00000000d5f00000,0x00000000d5f00000,0x00000000d8b00000)
  from space 5120K, 0% used [0x00000000d9100000,0x00000000d9100000,0x00000000d9600000)
  to   space 5632K, 0% used [0x00000000d8b00000,0x00000000d8b00000,0x00000000d9080000)
 ParOldGen       total 322560K, used 304547K [0x0000000081c00000, 0x0000000095700000, 0x00000000d5f00000)
  object space 322560K, 94% used [0x0000000081c00000,0x0000000094568fd0,0x0000000095700000)
 Metaspace       used 13955K, capacity 14234K, committed 14592K, reserved 1062912K
  class space    used 1838K, capacity 1939K, committed 2048K, reserved 1048576K
}
Event: 24.037 GC heap before
{Heap before GC invocations=25 (full 2):
 PSYoungGen      total 50176K, used 45056K [0x00000000d5f00000, 0x00000000d9600000, 0x0000000100000000)
  eden space 45056K, 100% used [0x00000000d5f00000,0x00000000d8b00000,0x00000000d8b00000)
  from space 5120K, 0% used [0x00000000d9100000,0x00000000d9100000,0x00000000d9600000)
  to   space 5632K, 0% used [0x00000000d8b00000,0x00000000d8b00000,0x00000000d9080000)
 ParOldGen       total 322560K, used 304547K [0x0000000081c00000, 0x0000000095700000, 0x00000000d5f00000)
  object space 322560K, 94% used [0x0000000081c00000,0x0000000094568fd0,0x0000000095700000)
 Metaspace       used 13955K, capacity 14234K, committed 14592K, reserved 1062912K
  class space    used 1838K, capacity 1939K, committed 2048K, reserved 1048576K
Event: 24.039 GC heap after
Heap after GC invocations=25 (full 2):
 PSYoungGen      total 50688K, used 0K [0x00000000d5f00000, 0x00000000d9600000, 0x0000000100000000)
  eden space 45056K, 0% used [0x00000000d5f00000,0x00000000d5f00000,0x00000000d8b00000)
  from space 5632K, 0% used [0x00000000d8b00000,0x00000000d8b00000,0x00000000d9080000)
  to   space 5120K, 0% used [0x00000000d9100000,0x00000000d9100000,0x00000000d9600000)
 ParOldGen       total 322560K, used 304547K [0x0000000081c00000, 0x0000000095700000, 0x00000000d5f00000)
  object space 322560K, 94% used [0x0000000081c00000,0x0000000094568fd0,0x0000000095700000)
 Metaspace       used 13955K, capacity 14234K, committed 14592K, reserved 1062912K
  class space    used 1838K, capacity 1939K, committed 2048K, reserved 1048576K
}
Event: 24.223 GC heap before
{Heap before GC invocations=26 (full 2):
 PSYoungGen      total 50688K, used 45020K [0x00000000d5f00000, 0x00000000d9600000, 0x0000000100000000)
  eden space 45056K, 99% used [0x00000000d5f00000,0x00000000d8af7338,0x00000000d8b00000)
  from space 5632K, 0% used [0x00000000d8b00000,0x00000000d8b00000,0x00000000d9080000)
  to   space 5120K, 0% used [0x00000000d9100000,0x00000000d9100000,0x00000000d9600000)
 ParOldGen       total 322560K, used 304547K [0x0000000081c00000, 0x0000000095700000, 0x00000000d5f00000)
  object space 322560K, 94% used [0x0000000081c00000,0x0000000094568fd0,0x0000000095700000)
 Metaspace       used 13963K, capacity 14234K, committed 14592K, reserved 1062912K
  class space    used 1839K, capacity 1939K, committed 2048K, reserved 1048576K
Event: 24.225 GC heap after
Heap after GC invocations=26 (full 2):
 PSYoungGen      total 50176K, used 96K [0x00000000d5f00000, 0x00000000d9600000, 0x0000000100000000)
  eden space 45056K, 0% used [0x00000000d5f00000,0x00000000d5f00000,0x00000000d8b00000)
  from space 5120K, 1% used [0x00000000d9100000,0x00000000d9118000,0x00000000d9600000)
  to   space 5632K, 0% used [0x00000000d8b00000,0x00000000d8b00000,0x00000000d9080000)
 ParOldGen       total 322560K, used 304555K [0x0000000081c00000, 0x0000000095700000, 0x00000000d5f00000)
  object space 322560K, 94% used [0x0000000081c00000,0x000000009456afd0,0x0000000095700000)
 Metaspace       used 13963K, capacity 14234K, committed 14592K, reserved 1062912K
  class space    used 1839K, capacity 1939K, committed 2048K, reserved 1048576K
}
Event: 24.365 GC heap before
{Heap before GC invocations=27 (full 2):
 PSYoungGen      total 50176K, used 45118K [0x00000000d5f00000, 0x00000000d9600000, 0x0000000100000000)
  eden space 45056K, 99% used [0x00000000d5f00000,0x00000000d8af78c8,0x00000000d8b00000)
  from space 5120K, 1% used [0x00000000d9100000,0x00000000d9118000,0x00000000d9600000)
  to   space 5632K, 0% used [0x00000000d8b00000,0x00000000d8b00000,0x00000000d9080000)
 ParOldGen       total 322560K, used 304555K [0x0000000081c00000, 0x0000000095700000, 0x00000000d5f00000)
  object space 322560K, 94% used [0x0000000081c00000,0x000000009456afd0,0x0000000095700000)
 Metaspace       used 13977K, capacity 14234K, committed 14592K, reserved 1062912K
  class space    used 1839K, capacity 1939K, committed 2048K, reserved 1048576K
Event: 24.368 GC heap after
Heap after GC invocations=27 (full 2):
 PSYoungGen      total 50688K, used 96K [0x00000000d5f00000, 0x00000000d9900000, 0x0000000100000000)
  eden space 45056K, 0% used [0x00000000d5f00000,0x00000000d5f00000,0x00000000d8b00000)
  from space 5632K, 1% used [0x00000000d8b00000,0x00000000d8b18000,0x00000000d9080000)
  to   space 3584K, 0% used [0x00000000d9580000,0x00000000d9580000,0x00000000d9900000)
 ParOldGen       total 322560K, used 304563K [0x0000000081c00000, 0x0000000095700000, 0x00000000d5f00000)
  object space 322560K, 94% used [0x0000000081c00000,0x000000009456cfd0,0x0000000095700000)
 Metaspace       used 13977K, capacity 14234K, committed 14592K, reserved 1062912K
  class space    used 1839K, capacity 1939K, committed 2048K, reserved 1048576K
}
Event: 24.570 GC heap before
{Heap before GC invocations=28 (full 2):
 PSYoungGen      total 50688K, used 45152K [0x00000000d5f00000, 0x00000000d9900000, 0x0000000100000000)
  eden space 45056K, 100% used [0x00000000d5f00000,0x00000000d8b00000,0x00000000d8b00000)
  from space 5632K, 1% used [0x00000000d8b00000,0x00000000d8b18000,0x00000000d9080000)
  to   space 3584K, 0% used [0x00000000d9580000,0x00000000d9580000,0x00000000d9900000)
 ParOldGen       total 322560K, used 304563K [0x0000000081c00000, 0x0000000095700000, 0x00000000d5f00000)
  object space 322560K, 94% used [0x0000000081c00000,0x000000009456cfd0,0x0000000095700000)
 Metaspace       used 13977K, capacity 14234K, committed 14592K, reserved 1062912K
  class space    used 1839K, capacity 1939K, committed 2048K, reserved 1048576K
Event: 24.573 GC heap after
Heap after GC invocations=28 (full 2):
 PSYoungGen      total 55808K, used 160K [0x00000000d5f00000, 0x00000000d9900000, 0x0000000100000000)
  eden space 52224K, 0% used [0x00000000d5f00000,0x00000000d5f00000,0x00000000d9200000)
  from space 3584K, 4% used [0x00000000d9580000,0x00000000d95a8000,0x00000000d9900000)
  to   space 3584K, 0% used [0x00000000d9200000,0x00000000d9200000,0x00000000d9580000)
 ParOldGen       total 322560K, used 304563K [0x0000000081c00000, 0x0000000095700000, 0x00000000d5f00000)
  object space 322560K, 94% used [0x0000000081c00000,0x000000009456cfd0,0x0000000095700000)
 Metaspace       used 13977K, capacity 14234K, committed 14592K, reserved 1062912K
  class space    used 1839K, capacity 1939K, committed 2048K, reserved 1048576K
}

Deoptimization events (10 events):
Event: 17.438 Thread 0x0000000019c01000 Uncommon trap: reason=unstable_if action=reinterpret pc=0x0000000002c7ba3c method=java.io.BufferedInputStream.read1([BII)I @ 68
Event: 17.532 Thread 0x00000000198d4000 Uncommon trap: reason=unstable_if action=reinterpret pc=0x0000000002c3de84 method=java.awt.Component.getInputContext()Ljava/awt/im/InputContext; @ 6
Event: 20.633 Thread 0x00000000198d4000 Uncommon trap: reason=unstable_if action=reinterpret pc=0x0000000002cdef08 method=java.lang.Integer.equals(Ljava/lang/Object;)Z @ 18
Event: 24.187 Thread 0x0000000019ea9800 Uncommon trap: reason=unstable_if action=reinterpret pc=0x0000000002d2b9cc method=ImgArea$FilterImage.computeDirectly()V @ 181
Event: 24.189 Thread 0x0000000019ea8000 Uncommon trap: reason=unstable_if action=reinterpret pc=0x0000000002d08974 method=sun.awt.image.ByteComponentRaster.verify()V @ 281
Event: 24.189 Thread 0x0000000019ea8000 Uncommon trap: reason=class_check action=maybe_recompile pc=0x0000000002d0d284 method=sun.awt.image.ByteInterleavedRaster.setRect(IILjava/awt/image/Raster;)V @ 1
Event: 24.190 Thread 0x0000000019ea8000 Uncommon trap: reason=class_check action=maybe_recompile pc=0x0000000002d0d284 method=sun.awt.image.ByteInterleavedRaster.setRect(IILjava/awt/image/Raster;)V @ 1
Event: 24.191 Thread 0x0000000019ea8000 Uncommon trap: reason=class_check action=maybe_recompile pc=0x0000000002d0d284 method=sun.awt.image.ByteInterleavedRaster.setRect(IILjava/awt/image/Raster;)V @ 1
Event: 24.191 Thread 0x0000000019ea8000 Uncommon trap: reason=class_check action=maybe_recompile pc=0x0000000002d0d284 method=sun.awt.image.ByteInterleavedRaster.setRect(IILjava/awt/image/Raster;)V @ 1
Event: 24.236 Thread 0x0000000019ea8000 Uncommon trap: reason=range_check action=make_not_entrant pc=0x0000000002d3dca0 method=sun.awt.image.ByteInterleavedRaster.setPixels(IIII[I)V @ 205

Classes redefined (0 events):
No events

Internal exceptions (10 events):
Event: 0.105 Thread 0x0000000002702800 Exception <a 'java/lang/NoSuchMethodError': Method sun.misc.Unsafe.prefetchRead(Ljava/lang/Object;J)V name or signature does not match> (0x00000000d5f07f88) thrown at [C:\re\workspace\8-2-build-windows-amd64-cygwin\jdk8u161\10277\hotspot\src\share\vm\prim
Event: 0.179 Thread 0x0000000002702800 Exception <a 'java/io/FileNotFoundException'> (0x00000000d5f55bd8) thrown at [C:\re\workspace\8-2-build-windows-amd64-cygwin\jdk8u161\10277\hotspot\src\share\vm\prims\jni.cpp, line 709]
Event: 0.214 Thread 0x0000000002702800 Exception <a 'java/security/PrivilegedActionException'> (0x00000000d5f9f2c0) thrown at [C:\re\workspace\8-2-build-windows-amd64-cygwin\jdk8u161\10277\hotspot\src\share\vm\prims\jvm.cpp, line 1390]
Event: 0.214 Thread 0x0000000002702800 Exception <a 'java/security/PrivilegedActionException'> (0x00000000d5f9f4d0) thrown at [C:\re\workspace\8-2-build-windows-amd64-cygwin\jdk8u161\10277\hotspot\src\share\vm\prims\jvm.cpp, line 1390]
Event: 0.215 Thread 0x0000000002702800 Exception <a 'java/security/PrivilegedActionException'> (0x00000000d5fa3140) thrown at [C:\re\workspace\8-2-build-windows-amd64-cygwin\jdk8u161\10277\hotspot\src\share\vm\prims\jvm.cpp, line 1390]
Event: 0.215 Thread 0x0000000002702800 Exception <a 'java/security/PrivilegedActionException'> (0x00000000d5fa3350) thrown at [C:\re\workspace\8-2-build-windows-amd64-cygwin\jdk8u161\10277\hotspot\src\share\vm\prims\jvm.cpp, line 1390]
Event: 0.221 Thread 0x0000000002702800 Exception <a 'java/io/FileNotFoundException'> (0x00000000d604f198) thrown at [C:\re\workspace\8-2-build-windows-amd64-cygwin\jdk8u161\10277\hotspot\src\share\vm\prims\jni.cpp, line 709]
Event: 0.256 Thread 0x0000000002702800 Exception <a 'java/lang/NoSuchFieldError': method resolution failed> (0x00000000d611fd38) thrown at [C:\re\workspace\8-2-build-windows-amd64-cygwin\jdk8u161\10277\hotspot\src\share\vm\prims\methodHandles.cpp, line 1167]
Event: 0.257 Thread 0x0000000002702800 Exception <a 'java/lang/NoSuchFieldError': method resolution failed> (0x00000000d612d108) thrown at [C:\re\workspace\8-2-build-windows-amd64-cygwin\jdk8u161\10277\hotspot\src\share\vm\prims\methodHandles.cpp, line 1167]
Event: 0.298 Thread 0x0000000002702800 Exception <a 'java/io/FileNotFoundException'> (0x00000000d61c8810) thrown at [C:\re\workspace\8-2-build-windows-amd64-cygwin\jdk8u161\10277\hotspot\src\share\vm\prims\jni.cpp, line 709]

Events (10 events):
Event: 24.235 Thread 0x0000000019ea8000 DEOPT UNPACKING pc=0x0000000002847890 sp=0x000000001d9adf08 mode 0
Event: 24.236 Thread 0x0000000019ea8000 DEOPT PACKING pc=0x0000000002d319f5 sp=0x000000001d9ae1a0
Event: 24.236 Thread 0x0000000019ea8000 DEOPT UNPACKING pc=0x0000000002847890 sp=0x000000001d9adf08 mode 0
Event: 24.236 Thread 0x0000000019ea8000 Uncommon trap: trap_request=0xffffffe4 fr.pc=0x0000000002d3dca0
Event: 24.236 Thread 0x0000000019ea8000 DEOPT PACKING pc=0x0000000002d3dca0 sp=0x000000001d9ae1f0
Event: 24.236 Thread 0x0000000019ea8000 DEOPT UNPACKING pc=0x000000000284583b sp=0x000000001d9ae188 mode 2
Event: 24.365 Executing VM operation: ParallelGCFailedAllocation
Event: 24.368 Executing VM operation: ParallelGCFailedAllocation done
Event: 24.570 Executing VM operation: ParallelGCFailedAllocation
Event: 24.573 Executing VM operation: ParallelGCFailedAllocation done


Dynamic libraries:
0x00007ff714c00000 - 0x00007ff714c37000 	C:\Program Files\Java\jre1.8.0_161\bin\javaw.exe
0x00007ffbcd1a0000 - 0x00007ffbcd381000 	C:\WINDOWS\SYSTEM32\ntdll.dll
0x00007ffbcca30000 - 0x00007ffbccae2000 	C:\WINDOWS\System32\KERNEL32.DLL
0x00007ffbc9980000 - 0x00007ffbc9bf3000 	C:\WINDOWS\System32\KERNELBASE.dll
0x00007ffbcc620000 - 0x00007ffbcc6c1000 	C:\WINDOWS\System32\ADVAPI32.dll
0x00007ffbcc3f0000 - 0x00007ffbcc48e000 	C:\WINDOWS\System32\msvcrt.dll
0x00007ffbccb70000 - 0x00007ffbccbcb000 	C:\WINDOWS\System32\sechost.dll
0x00007ffbcc490000 - 0x00007ffbcc5b4000 	C:\WINDOWS\System32\RPCRT4.dll
0x00007ffbcc8a0000 - 0x00007ffbcca30000 	C:\WINDOWS\System32\USER32.dll
0x00007ffbc9770000 - 0x00007ffbc9790000 	C:\WINDOWS\System32\win32u.dll
0x00007ffbcbe40000 - 0x00007ffbcbe68000 	C:\WINDOWS\System32\GDI32.dll
0x00007ffbc9cd0000 - 0x00007ffbc9e62000 	C:\WINDOWS\System32\gdi32full.dll
0x00007ffbc95d0000 - 0x00007ffbc966f000 	C:\WINDOWS\System32\msvcp_win.dll
0x00007ffbc9670000 - 0x00007ffbc9768000 	C:\WINDOWS\System32\ucrtbase.dll
0x00007ffbb7790000 - 0x00007ffbb79f9000 	C:\WINDOWS\WinSxS\amd64_microsoft.windows.common-controls_6595b64144ccf1df_6.0.17134.648_none_fb45a0e93062a6d2\COMCTL32.dll
0x00007ffbcce30000 - 0x00007ffbcd152000 	C:\WINDOWS\System32\combase.dll
0x00007ffbc9c00000 - 0x00007ffbc9c7a000 	C:\WINDOWS\System32\bcryptPrimitives.dll
0x00007ffbcbe70000 - 0x00007ffbcbe9d000 	C:\WINDOWS\System32\IMM32.DLL
0x0000000056c20000 - 0x0000000056cf2000 	C:\Program Files\Java\jre1.8.0_161\bin\msvcr100.dll
0x0000000056310000 - 0x0000000056baf000 	C:\Program Files\Java\jre1.8.0_161\bin\server\jvm.dll
0x00007ffbcc3e0000 - 0x00007ffbcc3e8000 	C:\WINDOWS\System32\PSAPI.DLL
0x00007ffbb4980000 - 0x00007ffbb4989000 	C:\WINDOWS\SYSTEM32\WSOCK32.dll
0x00007ffbc2ab0000 - 0x00007ffbc2aba000 	C:\WINDOWS\SYSTEM32\VERSION.dll
0x00007ffbcc830000 - 0x00007ffbcc89c000 	C:\WINDOWS\System32\WS2_32.dll
0x00007ffbc6e50000 - 0x00007ffbc6e73000 	C:\WINDOWS\SYSTEM32\WINMM.dll
0x00007ffbc6e20000 - 0x00007ffbc6e4a000 	C:\WINDOWS\SYSTEM32\winmmbase.dll
0x00007ffbc9c80000 - 0x00007ffbc9cc9000 	C:\WINDOWS\System32\cfgmgr32.dll
0x0000000056220000 - 0x000000005622f000 	C:\Program Files\Java\jre1.8.0_161\bin\verify.dll
0x00000000561f0000 - 0x0000000056219000 	C:\Program Files\Java\jre1.8.0_161\bin\java.dll
0x00000000561d0000 - 0x00000000561e6000 	C:\Program Files\Java\jre1.8.0_161\bin\zip.dll
0x00007ffbca900000 - 0x00007ffbcbd40000 	C:\WINDOWS\System32\SHELL32.dll
0x00007ffbca7d0000 - 0x00007ffbca879000 	C:\WINDOWS\System32\shcore.dll
0x00007ffbc9e70000 - 0x00007ffbca57d000 	C:\WINDOWS\System32\windows.storage.dll
0x00007ffbcbd40000 - 0x00007ffbcbd91000 	C:\WINDOWS\System32\shlwapi.dll
0x00007ffbc9550000 - 0x00007ffbc9561000 	C:\WINDOWS\System32\kernel.appcore.dll
0x00007ffbc94e0000 - 0x00007ffbc94ff000 	C:\WINDOWS\System32\profapi.dll
0x00007ffbc9500000 - 0x00007ffbc954c000 	C:\WINDOWS\System32\powrprof.dll
0x00007ffbc94b0000 - 0x00007ffbc94ba000 	C:\WINDOWS\System32\FLTLIB.DLL
0x0000000055ff0000 - 0x0000000056188000 	C:\Program Files\Java\jre1.8.0_161\bin\awt.dll
0x00007ffbccd60000 - 0x00007ffbcce23000 	C:\WINDOWS\System32\OLEAUT32.dll
0x00007ffbc6d20000 - 0x00007ffbc6dab000 	C:\WINDOWS\SYSTEM32\apphelp.dll
0x00007ffbc7bc0000 - 0x00007ffbc7be9000 	C:\WINDOWS\system32\DWMAPI.DLL
0x00007ffbc75a0000 - 0x00007ffbc7638000 	C:\WINDOWS\system32\uxtheme.dll
0x00007ffb97410000 - 0x00007ffb97530000 	C:\WINDOWS\system32\opengl32.dll
0x00007ffb973a0000 - 0x00007ffb973cc000 	C:\WINDOWS\SYSTEM32\GLU32.dll
0x00007ffbccbd0000 - 0x00007ffbccd43000 	C:\WINDOWS\System32\MSCTF.dll
0x00007ffbcc6d0000 - 0x00007ffbcc821000 	C:\WINDOWS\System32\ole32.dll
0x0000000059950000 - 0x0000000059997000 	C:\Program Files\Java\jre1.8.0_161\bin\fontmanager.dll
0x00000000561b0000 - 0x00000000561ca000 	C:\Program Files\Java\jre1.8.0_161\bin\net.dll
0x00007ffbc8d30000 - 0x00007ffbc8d96000 	C:\WINDOWS\system32\mswsock.dll
0x0000000056190000 - 0x00000000561a1000 	C:\Program Files\Java\jre1.8.0_161\bin\nio.dll
0x00000000591b0000 - 0x00000000591f2000 	C:\Program Files\Java\jre1.8.0_161\bin\t2k.dll
0x00007ffbc0460000 - 0x00007ffbc04f6000 	C:\WINDOWS\System32\TextInputFramework.dll
0x00007ffbc68d0000 - 0x00007ffbc69aa000 	C:\WINDOWS\System32\CoreMessaging.dll
0x00007ffbc0e10000 - 0x00007ffbc112e000 	C:\WINDOWS\System32\CoreUIComponents.dll
0x00007ffbc5260000 - 0x00007ffbc53ad000 	C:\WINDOWS\SYSTEM32\wintypes.dll
0x00007ffbc85a0000 - 0x00007ffbc85d1000 	C:\WINDOWS\SYSTEM32\ntmarta.dll
0x00007ffbb9300000 - 0x00007ffbb93a7000 	C:\WINDOWS\WinSxS\amd64_microsoft.windows.common-controls_6595b64144ccf1df_5.82.17134.648_none_f95200fb3096129f\comctl32.dll
0x00007ffbcbda0000 - 0x00007ffbcbe40000 	C:\WINDOWS\System32\clbcatq.dll
0x00007ffbc7100000 - 0x00007ffbc72b4000 	C:\WINDOWS\SYSTEM32\PROPSYS.dll
0x00007ffbbe1b0000 - 0x00007ffbbe84b000 	C:\Windows\System32\OneCoreUAPCommonProxyStub.dll
0x00007ffb803c0000 - 0x00007ffb804e7000 	C:\WINDOWS\system32\NetworkExplorer.dll
0x00007ffba3590000 - 0x00007ffba35aa000 	C:\WINDOWS\SYSTEM32\MPR.dll
0x00007ffbb7400000 - 0x00007ffbb740b000 	C:\WINDOWS\System32\drprov.dll
0x00007ffbc8610000 - 0x00007ffbc8666000 	C:\WINDOWS\System32\WINSTA.dll
0x00007ffba3890000 - 0x00007ffba38a6000 	C:\WINDOWS\System32\ntlanman.dll
0x00007ffba0a60000 - 0x00007ffba0a7d000 	C:\WINDOWS\System32\davclnt.dll
0x00007ffbb5da0000 - 0x00007ffbb5dac000 	C:\WINDOWS\System32\DAVHLPR.dll
0x00007ffbc21d0000 - 0x00007ffbc21e7000 	C:\WINDOWS\System32\wkscli.dll
0x00007ffbc9010000 - 0x00007ffbc9035000 	C:\WINDOWS\System32\bcrypt.dll
0x00007ffbc22b0000 - 0x00007ffbc22c2000 	C:\WINDOWS\SYSTEM32\cscapi.dll
0x00007ffbc8bb0000 - 0x00007ffbc8bbe000 	C:\WINDOWS\System32\netutils.dll
0x00007ffb870b0000 - 0x00007ffb870fa000 	C:\Windows\System32\dlnashext.dll
0x00007ffbb98c0000 - 0x00007ffbb9923000 	C:\Windows\System32\PlayToDevice.dll
0x00007ffbb6420000 - 0x00007ffbb643e000 	C:\Windows\System32\DevDispItemProvider.dll
0x00007ffbc03e0000 - 0x00007ffbc0456000 	C:\WINDOWS\System32\MMDevApi.dll
0x00007ffbc9150000 - 0x00007ffbc9177000 	C:\WINDOWS\System32\DEVOBJ.dll
0x00007ffb92380000 - 0x00007ffb92561000 	C:\WINDOWS\system32\wpdshext.dll
0x00007ffbb9060000 - 0x00007ffbb91fb000 	C:\WINDOWS\WinSxS\amd64_microsoft.windows.gdiplus_6595b64144ccf1df_1.1.17134.648_none_2c3093ce8af520a0\gdiplus.dll
0x00007ffb87010000 - 0x00007ffb870ac000 	C:\Windows\System32\PortableDeviceApi.dll
0x00007ffbcbf90000 - 0x00007ffbcc3db000 	C:\WINDOWS\System32\SETUPAPI.dll
0x00007ffbc9570000 - 0x00007ffbc95c7000 	C:\WINDOWS\System32\WINTRUST.dll
0x00007ffbc94c0000 - 0x00007ffbc94d2000 	C:\WINDOWS\System32\MSASN1.dll
0x00007ffbc9790000 - 0x00007ffbc9972000 	C:\WINDOWS\System32\CRYPT32.dll
0x00007ffb97aa0000 - 0x00007ffb97ad7000 	C:\Windows\System32\EhStorShell.dll
0x00007ffbbacf0000 - 0x00007ffbbad15000 	C:\Windows\System32\EhStorAPI.dll
0x00007ffbc8080000 - 0x00007ffbc8093000 	C:\Windows\System32\WTSAPI32.dll
0x00007ffba3870000 - 0x00007ffba387d000 	C:\WINDOWS\SYSTEM32\LINKINFO.dll
0x00007ffb9e8a0000 - 0x00007ffb9e928000 	C:\Windows\System32\appresolver.dll
0x00007ffbc8450000 - 0x00007ffbc8477000 	C:\Windows\System32\SLC.dll
0x00007ffbc1970000 - 0x00007ffbc19c0000 	C:\Windows\System32\Bcp47Langs.dll
0x00007ffbc93e0000 - 0x00007ffbc9408000 	C:\Windows\System32\USERENV.dll
0x00007ffbc8420000 - 0x00007ffbc8445000 	C:\Windows\System32\sppc.dll
0x00007ffbc12f0000 - 0x00007ffbc149e000 	C:\WINDOWS\SYSTEM32\WindowsCodecs.dll
0x00007ffb9b940000 - 0x00007ffb9b998000 	C:\WINDOWS\system32\dataexchange.dll
0x00007ffbc62e0000 - 0x00007ffbc647c000 	C:\WINDOWS\system32\dcomp.dll
0x00007ffbc5fd0000 - 0x00007ffbc62db000 	C:\WINDOWS\system32\d3d11.dll
0x00007ffbc8270000 - 0x00007ffbc832b000 	C:\WINDOWS\system32\dxgi.dll
0x00007ffbc7860000 - 0x00007ffbc7a18000 	C:\WINDOWS\system32\twinapi.appcore.dll
0x00007ffbc7a20000 - 0x00007ffbc7a49000 	C:\WINDOWS\system32\RMCLIENT.dll
0x00007ffbc1130000 - 0x00007ffbc1194000 	C:\WINDOWS\system32\Ninput.dll
0x00000000588b0000 - 0x00000000588e1000 	C:\Program Files\Java\jre1.8.0_161\bin\jpeg.dll
0x0000000057520000 - 0x000000005755e000 	C:\Program Files\Java\jre1.8.0_161\bin\lcms.dll

VM Arguments:
jvm_args: -Dfile.encoding=Cp1252 
java_command: Main
java_class_path (initial): C:\Users\Samantha\eclipse-workspace\Foto\bin
Launcher Type: SUN_STANDARD

Environment Variables:
PATH=C:/Program Files/Java/jre1.8.0_161/bin/server;C:/Program Files/Java/jre1.8.0_161/bin;C:/Program Files/Java/jre1.8.0_161/lib/amd64;C:\Program Files\NVIDIA GPU Computing Toolkit\CUDA\v10.1\bin;C:\Program Files\NVIDIA GPU Computing Toolkit\CUDA\v10.1\libnvvp;;C:\ProgramData\Oracle\Java\javapath;C:\Program Files (x86)\Intel\iCLS Client\;C:\Program Files\Intel\iCLS Client\;C:\Windows\system32;C:\Windows;C:\Windows\System32\Wbem;C:\Windows\System32\WindowsPowerShell\v1.0\;C:\Program Files (x86)\Intel\Intel(R) Management Engine Components\DAL;C:\Program Files\Intel\Intel(R) Management Engine Components\DAL;C:\Program Files (x86)\Intel\Intel(R) Management Engine Components\IPT;C:\Program Files\Intel\Intel(R) Management Engine Components\IPT;C:\Program Files (x86)\NVIDIA Corporation\PhysX\Common;C:\Program Files\Git\cmd;C:\Program Files\PuTTY\;C:\WINDOWS\system32;C:\WINDOWS;C:\WINDOWS\System32\Wbem;C:\WINDOWS\System32\WindowsPowerShell\v1.0\;C:\WINDOWS\System32\OpenSSH\;C:\PostgreSQL\pg10\bin;C:\Program Files\pg10\bin;C:\Program Files\Intel\WiFi\bin\;C:\Program Files\Common Files\Intel\WirelessCommon\;C:\Program Files (x86)\Bitvise SSH Client;C:\Program Files\NVIDIA Corporation\NVIDIA NvDLISR;C:\Program Files\NVIDIA Corporation\Nsight Compute 2019.1\;C:\Program Files\dotnet\;C:\Ruby25-x64\bin;C:\Users\Samantha\AppData\Local\Programs\Python\Python36-32\Scripts\;C:\Users\Samantha\AppData\Local\Programs\Python\Python36-32\;C:\Users\Samantha\AppData\Local\Microsoft\WindowsApps;C:\Users\Samantha\AppData\Local\atom\bin;C:\Users\Samantha\AppData\Local\Microsoft\WindowsApps;C:\Users\Samantha\AppData\Local\Programs\Microsoft VS Code\bin;C:\Program Files (x86)\Microsoft Visual Studio\2017\Community\VC\Tools\MSVC\14.14.26428\bin\Hostx64\x64;C:\Users\Samantha\AppData\Local\Programs\Microsoft VS Code\bin;;C:\Users\Samantha\Desktop;
USERNAME=Samantha
OS=Windows_NT
PROCESSOR_IDENTIFIER=Intel64 Family 6 Model 142 Stepping 9, GenuineIntel



---------------  S Y S T E M  ---------------

OS: Windows 10.0 , 64 bit Build 17134 (10.0.17134.648)

CPU:total 4 (initial active 4) (2 cores per cpu, 2 threads per core) family 6 model 142 stepping 9, cmov, cx8, fxsr, mmx, sse, sse2, sse3, ssse3, sse4.1, sse4.2, popcnt, avx, avx2, aes, clmul, erms, 3dnowpref, lzcnt, ht, tsc, tscinvbit, bmi1, bmi2, adx

Memory: 4k page, physical 8272652k(1160720k free), swap 8272652k(5312k free)

vm_info: Java HotSpot(TM) 64-Bit Server VM (25.161-b12) for windows-amd64 JRE (1.8.0_161-b12), built on Dec 19 2017 17:52:25 by "java_re" with MS VC++ 10.0 (VS2010)

time: Wed Apr 24 15:40:08 2019
elapsed time: 24 seconds (0d 0h 0m 24s)

