#
# There is insufficient memory for the Java Runtime Environment to continue.
# Native memory allocation (malloc) failed to allocate 161376 bytes for Chunk::new
# Possible reasons:
#   The system is out of physical RAM or swap space
#   In 32 bit mode, the process size limit was hit
# Possible solutions:
#   Reduce memory load on the system
#   Increase physical memory or swap space
#   Check if swap backing store is full
#   Use 64 bit Java on a 64 bit OS
#   Decrease Java heap size (-Xmx/-Xms)
#   Decrease number of Java threads
#   Decrease Java thread stack sizes (-Xss)
#   Set larger code cache with -XX:ReservedCodeCacheSize=
# This output file may be truncated or incomplete.
#
#  Out of Memory Error (allocation.cpp:390), pid=4604, tid=0x00000000000040d0
#
# JRE version: Java(TM) SE Runtime Environment (8.0_161-b12) (build 1.8.0_161-b12)
# Java VM: Java HotSpot(TM) 64-Bit Server VM (25.161-b12 mixed mode windows-amd64 compressed oops)
# Failed to write core dump. Minidumps are not enabled by default on client versions of Windows
#

---------------  T H R E A D  ---------------

Current thread (0x0000000017725000):  JavaThread "C2 CompilerThread1" daemon [_thread_in_native, id=16592, stack(0x0000000018ea0000,0x0000000018fa0000)]

Stack: [0x0000000018ea0000,0x0000000018fa0000]
[error occurred during error reporting (printing stack bounds), id 0xc0000005]

Native frames: (J=compiled Java code, j=interpreted, Vv=VM code, C=native code)


Current CompileTask:
C2:  24242 1446       4       java.awt.Container::getMouseEventTarget (50 bytes)


---------------  P R O C E S S  ---------------

Java Threads: ( => current thread )
  0x0000000019135800 JavaThread "ForkJoinPool-1-worker-1" daemon [_thread_blocked, id=13912, stack(0x000000001dc30000,0x000000001dd30000)]
  0x000000001997d800 JavaThread "TimerQueue" daemon [_thread_blocked, id=3196, stack(0x000000001c660000,0x000000001c760000)]
  0x0000000002af2800 JavaThread "DestroyJavaVM" [_thread_blocked, id=12896, stack(0x0000000002900000,0x0000000002a00000)]
  0x0000000019937800 JavaThread "Swing-Shell" daemon [_thread_blocked, id=18416, stack(0x000000001baf0000,0x000000001bbf0000)]
  0x0000000019885800 JavaThread "AWT-EventQueue-0" [_thread_in_native, id=16644, stack(0x000000001a820000,0x000000001a920000)]
  0x0000000019459800 JavaThread "AWT-Windows" daemon [_thread_in_native, id=9000, stack(0x000000001a250000,0x000000001a350000)]
  0x0000000019457000 JavaThread "AWT-Shutdown" [_thread_blocked, id=8656, stack(0x000000001a150000,0x000000001a250000)]
  0x0000000019843000 JavaThread "Java2D Disposer" daemon [_thread_blocked, id=17752, stack(0x000000001a000000,0x000000001a100000)]
  0x00000000190d3000 JavaThread "Service Thread" daemon [_thread_blocked, id=1396, stack(0x00000000194a0000,0x00000000195a0000)]
  0x0000000017733800 JavaThread "C1 CompilerThread2" daemon [_thread_blocked, id=1268, stack(0x0000000018fa0000,0x00000000190a0000)]
=>0x0000000017725000 JavaThread "C2 CompilerThread1" daemon [_thread_in_native, id=16592, stack(0x0000000018ea0000,0x0000000018fa0000)]
  0x000000001771e800 JavaThread "C2 CompilerThread0" daemon [_thread_blocked, id=14896, stack(0x0000000018da0000,0x0000000018ea0000)]
  0x000000001771d000 JavaThread "Attach Listener" daemon [_thread_blocked, id=10464, stack(0x0000000018ca0000,0x0000000018da0000)]
  0x000000001771b800 JavaThread "Signal Dispatcher" daemon [_thread_blocked, id=3480, stack(0x0000000018ba0000,0x0000000018ca0000)]
  0x0000000002bed000 JavaThread "Finalizer" daemon [_thread_blocked, id=16004, stack(0x0000000018980000,0x0000000018a80000)]
  0x0000000002be2000 JavaThread "Reference Handler" daemon [_thread_blocked, id=3300, stack(0x0000000018880000,0x0000000018980000)]

Other Threads:
  0x00000000176e7000 VMThread [stack: 0x0000000018780000,0x0000000018880000] [id=7108]
  0x00000000190e3800 WatcherThread [stack: 0x0000000019700000,0x0000000019800000] [id=6104]

VM state:not at safepoint (normal execution)

VM Mutex/Monitor currently owned by a thread: None

Heap:
 PSYoungGen      total 286208K, used 2893K [0x00000000d5f00000, 0x00000000f2480000, 0x0000000100000000)
  eden space 147456K, 1% used [0x00000000d5f00000,0x00000000d61d36a0,0x00000000def00000)
  from space 138752K, 0% used [0x00000000e8500000,0x00000000e8500000,0x00000000f0c80000)
  to   space 153600K, 0% used [0x00000000def00000,0x00000000def00000,0x00000000e8500000)
 ParOldGen       total 1109504K, used 822785K [0x0000000081c00000, 0x00000000c5780000, 0x00000000d5f00000)
  object space 1109504K, 74% used [0x0000000081c00000,0x00000000b3f80640,0x00000000c5780000)
 Metaspace       used 13093K, capacity 13308K, committed 13696K, reserved 1060864K
  class space    used 1733K, capacity 1804K, committed 1920K, reserved 1048576K

Card table byte_map: [0x0000000011fb0000,0x00000000123b0000] byte_map_base: 0x0000000011ba2000

Marking Bits: (ParMarkBitMap*) 0x000000005e31f860
 Begin Bits: [0x0000000012a60000, 0x00000000149f0000)
 End Bits:   [0x00000000149f0000, 0x0000000016980000)

Polling page: 0x0000000000b20000

CodeCache: size=245760Kb used=4673Kb max_used=4673Kb free=241086Kb
 bounds [0x0000000002bf0000, 0x0000000003090000, 0x0000000011bf0000]
 total_blobs=1919 nmethods=1426 adapters=405
 compilation: enabled

Compilation events (10 events):
Event: 24.195 Thread 0x0000000017733800 nmethod 1444 0x0000000003077790 code [0x00000000030779a0, 0x0000000003078618]
Event: 24.195 Thread 0x0000000017733800 1445   !   3       javax.swing.JComponent::paintChildren (669 bytes)
Event: 24.204 Thread 0x000000001771e800 nmethod 1441 0x0000000002d7d8d0 code [0x0000000002d7da40, 0x0000000002d7dd98]
Event: 24.207 Thread 0x0000000017733800 nmethod 1445 0x000000000307a490 code [0x000000000307aa60, 0x000000000307f7d8]
Event: 24.207 Thread 0x0000000017733800 1442   !   3       javax.swing.JComponent::paint (409 bytes)
Event: 24.212 Thread 0x0000000017733800 nmethod 1442 0x00000000030826d0 code [0x0000000003082ac0, 0x00000000030856b8]
Event: 24.212 Thread 0x0000000017733800 1443       3       javax.swing.JComponent::getComponentGraphics (63 bytes)
Event: 24.213 Thread 0x0000000017733800 nmethod 1443 0x0000000003076310 code [0x0000000003076540, 0x0000000003077348]
Event: 24.228 Thread 0x0000000017725000 1446       4       java.awt.Container::getMouseEventTarget (50 bytes)
Event: 24.234 Thread 0x0000000017733800 1447       3       java.util.HashMap$HashIterator::<init> (79 bytes)

GC Heap History (10 events):
Event: 21.878 GC heap before
{Heap before GC invocations=123 (full 109):
 PSYoungGen      total 286208K, used 147450K [0x00000000d5f00000, 0x00000000f2480000, 0x0000000100000000)
  eden space 147456K, 99% used [0x00000000d5f00000,0x00000000deefea08,0x00000000def00000)
  from space 138752K, 0% used [0x00000000e8500000,0x00000000e8500000,0x00000000f0c80000)
  to   space 153600K, 0% used [0x00000000def00000,0x00000000def00000,0x00000000e8500000)
 ParOldGen       total 1108992K, used 1108981K [0x0000000081c00000, 0x00000000c5700000, 0x00000000d5f00000)
  object space 1108992K, 99% used [0x0000000081c00000,0x00000000c56fd700,0x00000000c5700000)
 Metaspace       used 13076K, capacity 13326K, committed 13696K, reserved 1060864K
  class space    used 1736K, capacity 1811K, committed 1920K, reserved 1048576K
Event: 22.067 GC heap after
Heap after GC invocations=123 (full 109):
 PSYoungGen      total 286208K, used 147450K [0x00000000d5f00000, 0x00000000f2480000, 0x0000000100000000)
  eden space 147456K, 99% used [0x00000000d5f00000,0x00000000deefea08,0x00000000def00000)
  from space 138752K, 0% used [0x00000000e8500000,0x00000000e8500000,0x00000000f0c80000)
  to   space 153600K, 0% used [0x00000000def00000,0x00000000def00000,0x00000000e8500000)
 ParOldGen       total 1108992K, used 1108745K [0x0000000081c00000, 0x00000000c5700000, 0x00000000d5f00000)
  object space 1108992K, 99% used [0x0000000081c00000,0x00000000c56c2678,0x00000000c5700000)
 Metaspace       used 13064K, capacity 13308K, committed 13696K, reserved 1060864K
  class space    used 1732K, capacity 1804K, committed 1920K, reserved 1048576K
}
Event: 22.067 GC heap before
{Heap before GC invocations=124 (full 110):
 PSYoungGen      total 286208K, used 147450K [0x00000000d5f00000, 0x00000000f2480000, 0x0000000100000000)
  eden space 147456K, 99% used [0x00000000d5f00000,0x00000000deefea08,0x00000000def00000)
  from space 138752K, 0% used [0x00000000e8500000,0x00000000e8500000,0x00000000f0c80000)
  to   space 153600K, 0% used [0x00000000def00000,0x00000000def00000,0x00000000e8500000)
 ParOldGen       total 1109504K, used 1109400K [0x0000000081c00000, 0x00000000c5780000, 0x00000000d5f00000)
  object space 1109504K, 99% used [0x0000000081c00000,0x00000000c5766298,0x00000000c5780000)
 Metaspace       used 13064K, capacity 13308K, committed 13696K, reserved 1060864K
  class space    used 1732K, capacity 1804K, committed 1920K, reserved 1048576K
Event: 22.253 GC heap after
Heap after GC invocations=124 (full 110):
 PSYoungGen      total 286208K, used 147450K [0x00000000d5f00000, 0x00000000f2480000, 0x0000000100000000)
  eden space 147456K, 99% used [0x00000000d5f00000,0x00000000deefea08,0x00000000def00000)
  from space 138752K, 0% used [0x00000000e8500000,0x00000000e8500000,0x00000000f0c80000)
  to   space 153600K, 0% used [0x00000000def00000,0x00000000def00000,0x00000000e8500000)
 ParOldGen       total 1109504K, used 1109399K [0x0000000081c00000, 0x00000000c5780000, 0x00000000d5f00000)
  object space 1109504K, 99% used [0x0000000081c00000,0x00000000c5765ff8,0x00000000c5780000)
 Metaspace       used 13064K, capacity 13308K, committed 13696K, reserved 1060864K
  class space    used 1732K, capacity 1804K, committed 1920K, reserved 1048576K
}
Event: 22.253 GC heap before
{Heap before GC invocations=125 (full 111):
 PSYoungGen      total 286208K, used 147450K [0x00000000d5f00000, 0x00000000f2480000, 0x0000000100000000)
  eden space 147456K, 99% used [0x00000000d5f00000,0x00000000deefea08,0x00000000def00000)
  from space 138752K, 0% used [0x00000000e8500000,0x00000000e8500000,0x00000000f0c80000)
  to   space 153600K, 0% used [0x00000000def00000,0x00000000def00000,0x00000000e8500000)
 ParOldGen       total 1109504K, used 1109496K [0x0000000081c00000, 0x00000000c5780000, 0x00000000d5f00000)
  object space 1109504K, 99% used [0x0000000081c00000,0x00000000c577e148,0x00000000c5780000)
 Metaspace       used 13064K, capacity 13308K, committed 13696K, reserved 1060864K
  class space    used 1732K, capacity 1804K, committed 1920K, reserved 1048576K
Event: 22.270 GC heap after
Heap after GC invocations=125 (full 111):
 PSYoungGen      total 286208K, used 147450K [0x00000000d5f00000, 0x00000000f2480000, 0x0000000100000000)
  eden space 147456K, 99% used [0x00000000d5f00000,0x00000000deefea08,0x00000000def00000)
  from space 138752K, 0% used [0x00000000e8500000,0x00000000e8500000,0x00000000f0c80000)
  to   space 153600K, 0% used [0x00000000def00000,0x00000000def00000,0x00000000e8500000)
 ParOldGen       total 1109504K, used 1109496K [0x0000000081c00000, 0x00000000c5780000, 0x00000000d5f00000)
  object space 1109504K, 99% used [0x0000000081c00000,0x00000000c577e148,0x00000000c5780000)
 Metaspace       used 13064K, capacity 13308K, committed 13696K, reserved 1060864K
  class space    used 1732K, capacity 1804K, committed 1920K, reserved 1048576K
}
Event: 22.270 GC heap before
{Heap before GC invocations=126 (full 112):
 PSYoungGen      total 286208K, used 147450K [0x00000000d5f00000, 0x00000000f2480000, 0x0000000100000000)
  eden space 147456K, 99% used [0x00000000d5f00000,0x00000000deefea08,0x00000000def00000)
  from space 138752K, 0% used [0x00000000e8500000,0x00000000e8500000,0x00000000f0c80000)
  to   space 153600K, 0% used [0x00000000def00000,0x00000000def00000,0x00000000e8500000)
 ParOldGen       total 1109504K, used 1109496K [0x0000000081c00000, 0x00000000c5780000, 0x00000000d5f00000)
  object space 1109504K, 99% used [0x0000000081c00000,0x00000000c577e148,0x00000000c5780000)
 Metaspace       used 13064K, capacity 13308K, committed 13696K, reserved 1060864K
  class space    used 1732K, capacity 1804K, committed 1920K, reserved 1048576K
Event: 22.288 GC heap after
Heap after GC invocations=126 (full 112):
 PSYoungGen      total 286208K, used 147450K [0x00000000d5f00000, 0x00000000f2480000, 0x0000000100000000)
  eden space 147456K, 99% used [0x00000000d5f00000,0x00000000deefea08,0x00000000def00000)
  from space 138752K, 0% used [0x00000000e8500000,0x00000000e8500000,0x00000000f0c80000)
  to   space 153600K, 0% used [0x00000000def00000,0x00000000def00000,0x00000000e8500000)
 ParOldGen       total 1109504K, used 1109496K [0x0000000081c00000, 0x00000000c5780000, 0x00000000d5f00000)
  object space 1109504K, 99% used [0x0000000081c00000,0x00000000c577e148,0x00000000c5780000)
 Metaspace       used 13064K, capacity 13308K, committed 13696K, reserved 1060864K
  class space    used 1732K, capacity 1804K, committed 1920K, reserved 1048576K
}
Event: 22.289 GC heap before
{Heap before GC invocations=127 (full 113):
 PSYoungGen      total 286208K, used 147456K [0x00000000d5f00000, 0x00000000f2480000, 0x0000000100000000)
  eden space 147456K, 100% used [0x00000000d5f00000,0x00000000def00000,0x00000000def00000)
  from space 138752K, 0% used [0x00000000e8500000,0x00000000e8500000,0x00000000f0c80000)
  to   space 153600K, 0% used [0x00000000def00000,0x00000000def00000,0x00000000e8500000)
 ParOldGen       total 1109504K, used 1109499K [0x0000000081c00000, 0x00000000c5780000, 0x00000000d5f00000)
  object space 1109504K, 99% used [0x0000000081c00000,0x00000000c577ef20,0x00000000c5780000)
 Metaspace       used 13069K, capacity 13308K, committed 13696K, reserved 1060864K
  class space    used 1733K, capacity 1804K, committed 1920K, reserved 1048576K
Event: 22.304 GC heap after
Heap after GC invocations=127 (full 113):
 PSYoungGen      total 286208K, used 0K [0x00000000d5f00000, 0x00000000f2480000, 0x0000000100000000)
  eden space 147456K, 0% used [0x00000000d5f00000,0x00000000d5f00000,0x00000000def00000)
  from space 138752K, 0% used [0x00000000e8500000,0x00000000e8500000,0x00000000f0c80000)
  to   space 153600K, 0% used [0x00000000def00000,0x00000000def00000,0x00000000e8500000)
 ParOldGen       total 1109504K, used 822785K [0x0000000081c00000, 0x00000000c5780000, 0x00000000d5f00000)
  object space 1109504K, 74% used [0x0000000081c00000,0x00000000b3f80640,0x00000000c5780000)
 Metaspace       used 13069K, capacity 13308K, committed 13696K, reserved 1060864K
  class space    used 1733K, capacity 1804K, committed 1920K, reserved 1048576K
}

Deoptimization events (6 events):
Event: 3.411 Thread 0x0000000019885800 Uncommon trap: reason=class_check action=maybe_recompile pc=0x0000000002d0a928 method=java.lang.String.equals(Ljava/lang/Object;)Z @ 8
Event: 3.411 Thread 0x0000000019885800 Uncommon trap: reason=class_check action=maybe_recompile pc=0x0000000002d0a928 method=java.lang.String.equals(Ljava/lang/Object;)Z @ 8
Event: 3.411 Thread 0x0000000019885800 Uncommon trap: reason=class_check action=maybe_recompile pc=0x0000000002d0a928 method=java.lang.String.equals(Ljava/lang/Object;)Z @ 8
Event: 4.303 Thread 0x0000000019885800 Uncommon trap: reason=class_check action=maybe_recompile pc=0x0000000002d0a928 method=java.lang.String.equals(Ljava/lang/Object;)Z @ 8
Event: 12.889 Thread 0x0000000019885800 Uncommon trap: reason=unstable_if action=reinterpret pc=0x0000000002fe033c method=java.util.concurrent.FutureTask.awaitDone(ZJ)I @ 70
Event: 14.633 Thread 0x00000000193c0800 Uncommon trap: reason=unstable_if action=reinterpret pc=0x000000000304f8fc method=java.io.BufferedInputStream.read1([BII)I @ 68

Classes redefined (0 events):
No events

Internal exceptions (10 events):
Event: 0.253 Thread 0x0000000002af2800 Exception <a 'java/security/PrivilegedActionException'> (0x00000000d5fa52e0) thrown at [C:\re\workspace\8-2-build-windows-amd64-cygwin\jdk8u161\10277\hotspot\src\share\vm\prims\jvm.cpp, line 1390]
Event: 0.255 Thread 0x0000000002af2800 Exception <a 'java/security/PrivilegedActionException'> (0x00000000d604f608) thrown at [C:\re\workspace\8-2-build-windows-amd64-cygwin\jdk8u161\10277\hotspot\src\share\vm\prims\jvm.cpp, line 1390]
Event: 0.255 Thread 0x0000000002af2800 Exception <a 'java/security/PrivilegedActionException'> (0x00000000d604f818) thrown at [C:\re\workspace\8-2-build-windows-amd64-cygwin\jdk8u161\10277\hotspot\src\share\vm\prims\jvm.cpp, line 1390]
Event: 0.268 Thread 0x0000000002af2800 Exception <a 'java/io/FileNotFoundException'> (0x00000000d6054fa0) thrown at [C:\re\workspace\8-2-build-windows-amd64-cygwin\jdk8u161\10277\hotspot\src\share\vm\prims\jni.cpp, line 709]
Event: 0.344 Thread 0x0000000002af2800 Exception <a 'java/lang/NoSuchFieldError': method resolution failed> (0x00000000d61259f0) thrown at [C:\re\workspace\8-2-build-windows-amd64-cygwin\jdk8u161\10277\hotspot\src\share\vm\prims\methodHandles.cpp, line 1167]
Event: 0.347 Thread 0x0000000002af2800 Exception <a 'java/lang/NoSuchFieldError': method resolution failed> (0x00000000d6132dc0) thrown at [C:\re\workspace\8-2-build-windows-amd64-cygwin\jdk8u161\10277\hotspot\src\share\vm\prims\methodHandles.cpp, line 1167]
Event: 0.432 Thread 0x0000000002af2800 Exception <a 'java/io/FileNotFoundException'> (0x00000000d61ce8a8) thrown at [C:\re\workspace\8-2-build-windows-amd64-cygwin\jdk8u161\10277\hotspot\src\share\vm\prims\jni.cpp, line 709]
Event: 22.288 Thread 0x0000000019135800 Exception <a 'java/lang/OutOfMemoryError'> (0x0000000085e459e0) thrown at [C:\re\workspace\8-2-build-windows-amd64-cygwin\jdk8u161\10277\hotspot\src\share\vm\gc_interface/collectedHeap.inline.hpp, line 159]
Event: 22.288 Thread 0x0000000019885800 Exception <a 'java/lang/OutOfMemoryError'> (0x00000000c577e3a0) thrown at [C:\re\workspace\8-2-build-windows-amd64-cygwin\jdk8u161\10277\hotspot\src\share\vm\prims\jvm.cpp, line 1394]
Event: 22.288 Thread 0x0000000019885800 Exception <a 'java/lang/OutOfMemoryError'> (0x00000000c577e3a0) thrown at [C:\re\workspace\8-2-build-windows-amd64-cygwin\jdk8u161\10277\hotspot\src\share\vm\prims\jvm.cpp, line 1394]

Events (10 events):
Event: 22.288 loading class java/lang/Throwable$PrintStreamOrWriter done
Event: 22.288 loading class java/lang/Throwable$WrappedPrintStream done
Event: 22.289 Executing VM operation: ParallelGCFailedAllocation
Event: 22.304 Executing VM operation: ParallelGCFailedAllocation done
Event: 22.306 Thread 0x0000000017733800 flushing nmethod 0x0000000002d63090
Event: 22.306 Thread 0x0000000017733800 flushing nmethod 0x0000000002d7d410
Event: 22.306 Thread 0x0000000017733800 flushing nmethod 0x0000000002d98990
Event: 22.306 Thread 0x0000000017733800 flushing nmethod 0x0000000002d99110
Event: 22.306 Thread 0x0000000017733800 flushing nmethod 0x0000000002da4d50
Event: 22.306 Thread 0x0000000017733800 flushing nmethod 0x0000000002df6d90


Dynamic libraries:
0x00007ff6302d0000 - 0x00007ff630307000 	C:\Program Files\Java\jre1.8.0_161\bin\javaw.exe
0x00007ffd10040000 - 0x00007ffd10221000 	C:\WINDOWS\SYSTEM32\ntdll.dll
0x00007ffd0f220000 - 0x00007ffd0f2d2000 	C:\WINDOWS\System32\KERNEL32.DLL
0x00007ffd0d180000 - 0x00007ffd0d3f3000 	C:\WINDOWS\System32\KERNELBASE.dll
0x00007ffd0f770000 - 0x00007ffd0f811000 	C:\WINDOWS\System32\ADVAPI32.dll
0x00007ffd0da90000 - 0x00007ffd0db2e000 	C:\WINDOWS\System32\msvcrt.dll
0x00007ffd0f8d0000 - 0x00007ffd0f92b000 	C:\WINDOWS\System32\sechost.dll
0x00007ffd0fb20000 - 0x00007ffd0fc44000 	C:\WINDOWS\System32\RPCRT4.dll
0x00007ffd0f930000 - 0x00007ffd0fac0000 	C:\WINDOWS\System32\USER32.dll
0x00007ffd0c810000 - 0x00007ffd0c830000 	C:\WINDOWS\System32\win32u.dll
0x00007ffd0f000000 - 0x00007ffd0f028000 	C:\WINDOWS\System32\GDI32.dll
0x00007ffd0c8d0000 - 0x00007ffd0ca62000 	C:\WINDOWS\System32\gdi32full.dll
0x00007ffd0c830000 - 0x00007ffd0c8cf000 	C:\WINDOWS\System32\msvcp_win.dll
0x00007ffd0c600000 - 0x00007ffd0c6f8000 	C:\WINDOWS\System32\ucrtbase.dll
0x00007ffcfbb40000 - 0x00007ffcfbda9000 	C:\WINDOWS\WinSxS\amd64_microsoft.windows.common-controls_6595b64144ccf1df_6.0.17134.648_none_fb45a0e93062a6d2\COMCTL32.dll
0x00007ffd0f340000 - 0x00007ffd0f662000 	C:\WINDOWS\System32\combase.dll
0x00007ffd0d450000 - 0x00007ffd0d4ca000 	C:\WINDOWS\System32\bcryptPrimitives.dll
0x00007ffd0f740000 - 0x00007ffd0f76d000 	C:\WINDOWS\System32\IMM32.DLL
0x000000005d940000 - 0x000000005da12000 	C:\Program Files\Java\jre1.8.0_161\bin\msvcr100.dll
0x000000005db00000 - 0x000000005e39f000 	C:\Program Files\Java\jre1.8.0_161\bin\server\jvm.dll
0x00007ffd0f210000 - 0x00007ffd0f218000 	C:\WINDOWS\System32\PSAPI.DLL
0x00007ffd06410000 - 0x00007ffd0641a000 	C:\WINDOWS\SYSTEM32\VERSION.dll
0x00007ffd06ce0000 - 0x00007ffd06d03000 	C:\WINDOWS\SYSTEM32\WINMM.dll
0x00007ffcf7bf0000 - 0x00007ffcf7bf9000 	C:\WINDOWS\SYSTEM32\WSOCK32.dll
0x00007ffd0feb0000 - 0x00007ffd0ff1c000 	C:\WINDOWS\System32\WS2_32.dll
0x00007ffd06c40000 - 0x00007ffd06c6a000 	C:\WINDOWS\SYSTEM32\winmmbase.dll
0x00007ffd0d400000 - 0x00007ffd0d449000 	C:\WINDOWS\System32\cfgmgr32.dll
0x00000000608b0000 - 0x00000000608bf000 	C:\Program Files\Java\jre1.8.0_161\bin\verify.dll
0x00000000601e0000 - 0x0000000060209000 	C:\Program Files\Java\jre1.8.0_161\bin\java.dll
0x0000000060890000 - 0x00000000608a6000 	C:\Program Files\Java\jre1.8.0_161\bin\zip.dll
0x00007ffd0dbc0000 - 0x00007ffd0f000000 	C:\WINDOWS\System32\SHELL32.dll
0x00007ffd0f820000 - 0x00007ffd0f8c9000 	C:\WINDOWS\System32\shcore.dll
0x00007ffd0ca70000 - 0x00007ffd0d17d000 	C:\WINDOWS\System32\windows.storage.dll
0x00007ffd0f2e0000 - 0x00007ffd0f331000 	C:\WINDOWS\System32\shlwapi.dll
0x00007ffd0c3f0000 - 0x00007ffd0c401000 	C:\WINDOWS\System32\kernel.appcore.dll
0x00007ffd0c380000 - 0x00007ffd0c39f000 	C:\WINDOWS\System32\profapi.dll
0x00007ffd0c3a0000 - 0x00007ffd0c3ec000 	C:\WINDOWS\System32\powrprof.dll
0x00007ffd0c370000 - 0x00007ffd0c37a000 	C:\WINDOWS\System32\FLTLIB.DLL
0x000000005d7a0000 - 0x000000005d938000 	C:\Program Files\Java\jre1.8.0_161\bin\awt.dll
0x00007ffd0f670000 - 0x00007ffd0f733000 	C:\WINDOWS\System32\OLEAUT32.dll
0x00007ffd09ef0000 - 0x00007ffd09f7b000 	C:\WINDOWS\SYSTEM32\apphelp.dll
0x00007ffd0a980000 - 0x00007ffd0a9a9000 	C:\WINDOWS\system32\DWMAPI.DLL
0x00007ffd0a390000 - 0x00007ffd0a428000 	C:\WINDOWS\system32\uxtheme.dll
0x00007ffcf1910000 - 0x00007ffcf1a30000 	C:\WINDOWS\system32\opengl32.dll
0x00007ffcf9750000 - 0x00007ffcf977c000 	C:\WINDOWS\SYSTEM32\GLU32.dll
0x00007ffd0f030000 - 0x00007ffd0f1a3000 	C:\WINDOWS\System32\MSCTF.dll
0x00007ffd0d4e0000 - 0x00007ffd0d631000 	C:\WINDOWS\System32\ole32.dll
0x000000005fbf0000 - 0x000000005fc37000 	C:\Program Files\Java\jre1.8.0_161\bin\fontmanager.dll
0x00000000601c0000 - 0x00000000601da000 	C:\Program Files\Java\jre1.8.0_161\bin\net.dll
0x00007ffd0bbd0000 - 0x00007ffd0bc36000 	C:\WINDOWS\system32\mswsock.dll
0x00000000601a0000 - 0x00000000601b1000 	C:\Program Files\Java\jre1.8.0_161\bin\nio.dll
0x000000005e8c0000 - 0x000000005e902000 	C:\Program Files\Java\jre1.8.0_161\bin\t2k.dll
0x00007ffcff9e0000 - 0x00007ffcffa76000 	C:\WINDOWS\System32\TextInputFramework.dll
0x00007ffd099c0000 - 0x00007ffd09a9a000 	C:\WINDOWS\System32\CoreMessaging.dll
0x00007ffd04c40000 - 0x00007ffd04f5e000 	C:\WINDOWS\System32\CoreUIComponents.dll
0x00007ffd0b440000 - 0x00007ffd0b471000 	C:\WINDOWS\SYSTEM32\ntmarta.dll
0x00007ffd07fe0000 - 0x00007ffd0812d000 	C:\WINDOWS\SYSTEM32\wintypes.dll
0x00007ffcfd420000 - 0x00007ffcfd4c7000 	C:\WINDOWS\WinSxS\amd64_microsoft.windows.common-controls_6595b64144ccf1df_5.82.17134.648_none_f95200fb3096129f\comctl32.dll
0x00007ffd0fe10000 - 0x00007ffd0feb0000 	C:\WINDOWS\System32\clbcatq.dll
0x00007ffd09f80000 - 0x00007ffd0a134000 	C:\WINDOWS\SYSTEM32\PROPSYS.dll
0x00007ffd01660000 - 0x00007ffd01cfb000 	C:\Windows\System32\OneCoreUAPCommonProxyStub.dll
0x00007ffcbcb70000 - 0x00007ffcbcc97000 	C:\WINDOWS\system32\NetworkExplorer.dll
0x00007ffcf12d0000 - 0x00007ffcf12ea000 	C:\WINDOWS\SYSTEM32\MPR.dll
0x00007ffcd93b0000 - 0x00007ffcd93bb000 	C:\WINDOWS\System32\drprov.dll
0x00007ffd0b4b0000 - 0x00007ffd0b506000 	C:\WINDOWS\System32\WINSTA.dll
0x00007ffcd36b0000 - 0x00007ffcd36c6000 	C:\WINDOWS\System32\ntlanman.dll
0x00007ffcd3550000 - 0x00007ffcd356d000 	C:\WINDOWS\System32\davclnt.dll
0x00007ffcd8bc0000 - 0x00007ffcd8bcc000 	C:\WINDOWS\System32\DAVHLPR.dll
0x00007ffd06200000 - 0x00007ffd06217000 	C:\WINDOWS\System32\wkscli.dll
0x00007ffd0beb0000 - 0x00007ffd0bed5000 	C:\WINDOWS\System32\bcrypt.dll
0x00007ffd06bf0000 - 0x00007ffd06c02000 	C:\WINDOWS\SYSTEM32\cscapi.dll
0x00007ffd0b990000 - 0x00007ffd0b99e000 	C:\WINDOWS\System32\netutils.dll
0x00007ffcd8d50000 - 0x00007ffcd8d9a000 	C:\Windows\System32\dlnashext.dll
0x00007ffce25b0000 - 0x00007ffce2613000 	C:\Windows\System32\PlayToDevice.dll
0x00007ffcd6a90000 - 0x00007ffcd6aae000 	C:\Windows\System32\DevDispItemProvider.dll
0x00007ffd00a50000 - 0x00007ffd00ac6000 	C:\WINDOWS\System32\MMDevApi.dll
0x00007ffd0bff0000 - 0x00007ffd0c017000 	C:\WINDOWS\System32\DEVOBJ.dll
0x00007ffcd84e0000 - 0x00007ffcd86c1000 	C:\WINDOWS\system32\wpdshext.dll
0x00007ffcfd280000 - 0x00007ffcfd41b000 	C:\WINDOWS\WinSxS\amd64_microsoft.windows.gdiplus_6595b64144ccf1df_1.1.17134.648_none_2c3093ce8af520a0\gdiplus.dll
0x00007ffcd6c30000 - 0x00007ffcd6ccc000 	C:\Windows\System32\PortableDeviceApi.dll
0x00007ffd0d640000 - 0x00007ffd0da8b000 	C:\WINDOWS\System32\SETUPAPI.dll
0x00007ffd0c700000 - 0x00007ffd0c757000 	C:\WINDOWS\System32\WINTRUST.dll
0x00007ffd0c350000 - 0x00007ffd0c362000 	C:\WINDOWS\System32\MSASN1.dll
0x00007ffd0c410000 - 0x00007ffd0c5f2000 	C:\WINDOWS\System32\CRYPT32.dll
0x00007ffce1c40000 - 0x00007ffce1c77000 	C:\Windows\System32\EhStorShell.dll
0x00007ffcf02e0000 - 0x00007ffcf0305000 	C:\Windows\System32\EhStorAPI.dll
0x00007ffd0adf0000 - 0x00007ffd0ae03000 	C:\Windows\System32\WTSAPI32.dll
0x00007ffd066c0000 - 0x00007ffd066cd000 	C:\WINDOWS\SYSTEM32\LINKINFO.dll
0x00007ffce9810000 - 0x00007ffce9898000 	C:\Windows\System32\appresolver.dll
0x00007ffd0b2f0000 - 0x00007ffd0b317000 	C:\Windows\System32\SLC.dll
0x00007ffcffba0000 - 0x00007ffcffbf0000 	C:\Windows\System32\Bcp47Langs.dll
0x00007ffd0c280000 - 0x00007ffd0c2a8000 	C:\Windows\System32\USERENV.dll
0x00007ffd0b2c0000 - 0x00007ffd0b2e5000 	C:\Windows\System32\sppc.dll
0x00007ffd05170000 - 0x00007ffd0531e000 	C:\WINDOWS\SYSTEM32\WindowsCodecs.dll
0x00007ffcfe990000 - 0x00007ffcfe9e8000 	C:\WINDOWS\system32\dataexchange.dll
0x00007ffd08b10000 - 0x00007ffd08e1b000 	C:\WINDOWS\system32\d3d11.dll
0x00007ffd08e20000 - 0x00007ffd08fbc000 	C:\WINDOWS\system32\dcomp.dll
0x00007ffd0b110000 - 0x00007ffd0b1cb000 	C:\WINDOWS\system32\dxgi.dll
0x00007ffd0a760000 - 0x00007ffd0a918000 	C:\WINDOWS\system32\twinapi.appcore.dll
0x00007ffd0a730000 - 0x00007ffd0a759000 	C:\WINDOWS\system32\RMCLIENT.dll
0x00007ffd04f60000 - 0x00007ffd04fc4000 	C:\WINDOWS\system32\Ninput.dll
0x000000005e880000 - 0x000000005e8b1000 	C:\Program Files\Java\jre1.8.0_161\bin\jpeg.dll

VM Arguments:
jvm_args: -Dfile.encoding=Cp1252 
java_command: Main
java_class_path (initial): C:\Users\Samantha\eclipse-workspace\Foto\bin
Launcher Type: SUN_STANDARD

Environment Variables:
USERNAME=Samantha
OS=Windows_NT
PROCESSOR_IDENTIFIER=Intel64 Family 6 Model 142 Stepping 9, GenuineIntel



---------------  S Y S T E M  ---------------

OS: Windows 10.0 , 64 bit Build 17134 (10.0.17134.648)

CPU:total 4 (initial active 4) (2 cores per cpu, 2 threads per core) family 6 model 142 stepping 9, cmov, cx8, fxsr, mmx, sse, sse2, sse3, ssse3, sse4.1, sse4.2, popcnt, avx, avx2, aes, clmul, erms, 3dnowpref, lzcnt, ht, tsc, tscinvbit, bmi1, bmi2, adx

Memory: 4k page, physical 8272652k(1013532k free), swap 8272652k(2748k free)

vm_info: Java HotSpot(TM) 64-Bit Server VM (25.161-b12) for windows-amd64 JRE (1.8.0_161-b12), built on Dec 19 2017 17:52:25 by "java_re" with MS VC++ 10.0 (VS2010)

time: Fri May 03 02:23:33 2019
elapsed time: 24 seconds (0d 0h 0m 24s)

